<?xml version="1.0" encoding="UTF-8"?>
<testng-results skipped="0" failed="0" total="1" passed="1">
  <reporter-output>
  </reporter-output>
  <suite name="Suite" duration-ms="125" started-at="2022-12-21T04:43:47Z" finished-at="2022-12-21T04:43:47Z">
    <groups>
      <group name="sanity">
        <method signature="DemoTest1.test1()[pri:0, instance:com.tyss.jenkinspractice.DemoTest1@1f0f1111]" name="test1" class="com.tyss.jenkinspractice.DemoTest1"/>
      </group> <!-- sanity -->
    </groups>
    <test name="Test" duration-ms="125" started-at="2022-12-21T04:43:47Z" finished-at="2022-12-21T04:43:47Z">
      <class name="com.tyss.jenkinspractice.DemoTest1">
        <test-method status="PASS" signature="test1()[pri:0, instance:com.tyss.jenkinspractice.DemoTest1@1f0f1111]" name="test1" duration-ms="47" started-at="2022-12-21T10:13:47Z" finished-at="2022-12-21T10:13:47Z">
          <reporter-output>
          </reporter-output>
        </test-method> <!-- test1 -->
      </class> <!-- com.tyss.jenkinspractice.DemoTest1 -->
    </test> <!-- Test -->
  </suite> <!-- Suite -->
</testng-results>
